#
# A fatal error has been detected by the Java Runtime Environment:
#
#  SIGSEGV (0xb) at pc=0x000000011f531c58, pid=10613, tid=0x0000000000001703
#
# JRE version: Java(TM) SE Runtime Environment (8.0_101-b13) (build 1.8.0_101-b13)
# Java VM: Java HotSpot(TM) 64-Bit Server VM (25.101-b13 mixed mode bsd-amd64 compressed oops)
# Problematic frame:
# C  [librxtxSerial.jnilib+0x3c58]  read_byte_array+0x7f
#
# Failed to write core dump. Core dumps have been disabled. To enable core dumping, try "ulimit -c unlimited" before starting Java again
#
# If you would like to submit a bug report, please visit:
#   http://bugreport.java.com/bugreport/crash.jsp
# The crash happened outside the Java Virtual Machine in native code.
# See problematic frame for where to report the bug.
#

---------------  T H R E A D  ---------------

Current thread (0x00007fe6c5002000):  JavaThread "main" [_thread_in_native, id=5891, stack(0x000070000011a000,0x000070000021a000)]

siginfo: si_signo: 11 (SIGSEGV), si_code: 1 (SEGV_MAPERR), si_addr: 0x0000700001658718

Registers:
RAX=0x0000700001658710, RBX=0x000000011b8c1548, RCX=0x0000000000000000, RDX=0x0000000000000002
RSP=0x0000700000219400, RBP=0x0000700000219540, RSI=0x000000011f535544, RDI=0x000000011f535162
R8 =0x0000000000000065, R9 =0x000000076abd8080, R10=0x0000000000000006, R11=0x00000001024eee70
R12=0x0000000000000000, R13=0x000000011b8c1540, R14=0x0000700000219600, R15=0x00007fe6c5002000
RIP=0x000000011f531c58, EFLAGS=0x0000000000010202, ERR=0x0000000000000004
  TRAPNO=0x000000000000000e

Top of Stack: (sp=0x0000700000219400)
0x0000700000219400:   00007fe6c6021f40 00007fe6c5002000
0x0000700000219410:   000000011bcb8460 00000000000000e2
0x0000700000219420:   00007000002194b0 00000001ffffffff
0x0000700000219430:   0000700000219573 0000000700000002
0x0000700000219440:   0000700000219560 00007fe6c50021f8
0x0000700000219450:   00007fe6c5002000 0000000000000000
0x0000700000219460:   0000700000219480 00007fe6c5002000
0x0000700000219470:   00007fe6c3c0c018 00007fe6c50021f8
0x0000700000219480:   00007000002194b0 0000000101f136dd
0x0000700000219490:   0000000000000000 00007fe6c5002000
0x00007000002194a0:   000000011b8c1548 0000700000219600
0x00007000002194b0:   0000700000219510 000000011f533c11
0x00007000002194c0:   0000000e00219560 ffffffffffffffff
0x00007000002194d0:   000000011f535160 000000011f535ac4
0x00007000002194e0:   0000700000219600 00007fe6c50021f8
0x00007000002194f0:   000000001b8c1548 ffffffffffffffff
0x0000700000219500:   0000000000000000 0000000000000000
0x0000700000219510:   0000700000219540 000000001f533c63
0x0000700000219520:   0000700001658710 000000011f535ac4
0x0000700000219530:   0000700000219600 000000011b8c1548
0x0000700000219540:   0000700000219580 000000011f53207c
0x0000700000219550:   000000011b8c1548 000000011b8c1548
0x0000700000219560:   0000700000219600 00007fe6c50021f8
0x0000700000219570:   00007000002195e0 ffffffff00000007
0x0000700000219580:   00007000002195e0 0000000102bb49d4
0x0000700000219590:   0000000102bc0203 0000000102bb4722
0x00007000002195a0:   00007000002195a0 000000011b8c1540
0x00007000002195b0:   0000700000219600 000000011b8ccbb8
0x00007000002195c0:   0000000000000000 000000011b8c1548
0x00007000002195d0:   0000000000000000 0000700000219600
0x00007000002195e0:   0000700000219668 0000000102ba4d00
0x00007000002195f0:   0000000000000000 0000000102bae536 

Instructions: (pc=0x000000011f531c58)
0x000000011f531c38:   bd 08 ff ff ff 48 8d 0d fe 38 00 00 48 8d 15 f9
0x000000011f531c48:   38 00 00 e8 88 1e 00 00 48 89 45 e0 48 8b 45 e0
0x000000011f531c58:   8b 40 08 89 45 d8 48 8b 45 e0 c7 40 08 00 00 00
0x000000011f531c68:   00 8b 85 ec fe ff ff 89 45 b0 83 bd e8 fe ff ff 

Register to memory mapping:

RAX=0x0000700001658710 is an unknown value
RBX={method} {0x000000011b8c1548} 'readByte' '()I' in 'gnu/io/RXTXPort'
RCX=0x0000000000000000 is an unknown value
RDX=0x0000000000000002 is an unknown value
RSP=0x0000700000219400 is pointing into the stack for thread: 0x00007fe6c5002000
RBP=0x0000700000219540 is pointing into the stack for thread: 0x00007fe6c5002000
RSI=0x000000011f535544: Java_gnu_io_CommPortIdentifier_native_1psmisc_1report_1owner+0x850 in /Users/sheny/git/cse132-fl16-sheny/jars/jars/jars/librxtxSerial.jnilib at 0x000000011f52e000
RDI=0x000000011f535162: Java_gnu_io_CommPortIdentifier_native_1psmisc_1report_1owner+0x46e in /Users/sheny/git/cse132-fl16-sheny/jars/jars/jars/librxtxSerial.jnilib at 0x000000011f52e000
R8 =0x0000000000000065 is an unknown value
R9 =0x000000076abd8080 is an oop
gnu.io.RXTXPort 
 - klass: 'gnu/io/RXTXPort'
R10=0x0000000000000006 is an unknown value
R11=0x00000001024eee70: _ZN20SafepointSynchronize18_safepoint_counterE+0 in /Library/Java/JavaVirtualMachines/jdk1.8.0_101.jdk/Contents/Home/jre/lib/server/libjvm.dylib at 0x0000000101c00000
R12=0x0000000000000000 is an unknown value
R13=0x000000011b8c1540 is pointing into metadata
R14=0x0000700000219600 is pointing into the stack for thread: 0x00007fe6c5002000
R15=0x00007fe6c5002000 is a thread


Stack: [0x000070000011a000,0x000070000021a000],  sp=0x0000700000219400,  free space=1021k
Native frames: (J=compiled Java code, j=interpreted, Vv=VM code, C=native code)
C  [librxtxSerial.jnilib+0x3c58]  read_byte_array+0x7f
C  [librxtxSerial.jnilib+0x407c]  Java_gnu_io_RXTXPort_readByte+0x6c
j  gnu.io.RXTXPort.readByte()I+0
j  gnu.io.RXTXPort$SerialInputStream.read()I+81
j  java.io.FilterInputStream.read()I+4
j  studio4.ViewInputStream.read()I+1
j  java.io.FilterInputStream.read()I+4
j  assign4.MsgReceiver.nextState(Lassign4/MsgReceiver$State;)Lassign4/MsgReceiver$State;+70
j  assign4.MsgReceiver.run()V+6
j  assign4.MsgReceiver.main([Ljava/lang/String;)V+30
v  ~StubRoutines::call_stub
V  [libjvm.dylib+0x2ecf06]  JavaCalls::call_helper(JavaValue*, methodHandle*, JavaCallArguments*, Thread*)+0x6ae
V  [libjvm.dylib+0x323d7a]  jni_invoke_static(JNIEnv_*, JavaValue*, _jobject*, JNICallType, _jmethodID*, JNI_ArgumentPusher*, Thread*)+0x1bf
V  [libjvm.dylib+0x31caf1]  jni_CallStaticVoidMethod+0x15d
C  [java+0x3931]  JavaMain+0x9c4
C  [libsystem_pthread.dylib+0x399d]  _pthread_body+0x83
C  [libsystem_pthread.dylib+0x391a]  _pthread_body+0x0
C  [libsystem_pthread.dylib+0x1351]  thread_start+0xd
C  0x0000000000000000

Java frames: (J=compiled Java code, j=interpreted, Vv=VM code)
j  gnu.io.RXTXPort.readByte()I+0
j  gnu.io.RXTXPort$SerialInputStream.read()I+81
j  java.io.FilterInputStream.read()I+4
j  studio4.ViewInputStream.read()I+1
j  java.io.FilterInputStream.read()I+4
j  assign4.MsgReceiver.nextState(Lassign4/MsgReceiver$State;)Lassign4/MsgReceiver$State;+70
j  assign4.MsgReceiver.run()V+6
j  assign4.MsgReceiver.main([Ljava/lang/String;)V+30
v  ~StubRoutines::call_stub

---------------  P R O C E S S  ---------------

Java Threads: ( => current thread )
  0x00007fe6c51db000 JavaThread "AWT-EventQueue-0" [_thread_in_vm, id=60163, stack(0x0000700001cfa000,0x0000700001dfa000)]
  0x00007fe6c415c000 JavaThread "Java2D Disposer" daemon [_thread_blocked, id=54547, stack(0x0000700001bf7000,0x0000700001cf7000)]
  0x00007fe6c4871000 JavaThread "Java2D Queue Flusher" daemon [_thread_blocked, id=54791, stack(0x0000700001af4000,0x0000700001bf4000)]
  0x00007fe6c6969000 JavaThread "AWT-Shutdown" [_thread_blocked, id=33555, stack(0x00007000017e5000,0x00007000018e5000)]
  0x00007fe6c68cf800 JavaThread "AppKit Thread" daemon [_thread_in_native, id=2571, stack(0x00007fff5eb60000,0x00007fff5f360000)]
  0x00007fe6c685d000 JavaThread "Service Thread" daemon [_thread_blocked, id=21251, stack(0x0000700001353000,0x0000700001453000)]
  0x00007fe6c685c000 JavaThread "C1 CompilerThread3" daemon [_thread_blocked, id=20739, stack(0x0000700001250000,0x0000700001350000)]
  0x00007fe6c500d000 JavaThread "C2 CompilerThread2" daemon [_thread_blocked, id=20227, stack(0x000070000114d000,0x000070000124d000)]
  0x00007fe6c685b800 JavaThread "C2 CompilerThread1" daemon [_thread_blocked, id=19715, stack(0x000070000104a000,0x000070000114a000)]
  0x00007fe6c402f800 JavaThread "C2 CompilerThread0" daemon [_thread_blocked, id=19203, stack(0x0000700000f47000,0x0000700001047000)]
  0x00007fe6c403b000 JavaThread "Signal Dispatcher" daemon [_thread_blocked, id=15887, stack(0x0000700000e44000,0x0000700000f44000)]
  0x00007fe6c4020800 JavaThread "Finalizer" daemon [_thread_blocked, id=14339, stack(0x0000700000c3b000,0x0000700000d3b000)]
  0x00007fe6c401d800 JavaThread "Reference Handler" daemon [_thread_blocked, id=13827, stack(0x0000700000b38000,0x0000700000c38000)]
=>0x00007fe6c5002000 JavaThread "main" [_thread_in_native, id=5891, stack(0x000070000011a000,0x000070000021a000)]

Other Threads:
  0x00007fe6c4019000 VMThread [stack: 0x0000700000a35000,0x0000700000b35000] [id=13315]
  0x00007fe6c4808000 WatcherThread [stack: 0x0000700001456000,0x0000700001556000] [id=21763]

VM state:not at safepoint (normal execution)

VM Mutex/Monitor currently owned by a thread: None

Heap:
 PSYoungGen      total 76288K, used 11797K [0x000000076ab00000, 0x0000000770000000, 0x00000007c0000000)
  eden space 65536K, 18% used [0x000000076ab00000,0x000000076b685450,0x000000076eb00000)
  from space 10752K, 0% used [0x000000076f580000,0x000000076f580000,0x0000000770000000)
  to   space 10752K, 0% used [0x000000076eb00000,0x000000076eb00000,0x000000076f580000)
 ParOldGen       total 175104K, used 0K [0x00000006c0000000, 0x00000006cab00000, 0x000000076ab00000)
  object space 175104K, 0% used [0x00000006c0000000,0x00000006c0000000,0x00000006cab00000)
 Metaspace       used 9931K, capacity 10136K, committed 10368K, reserved 1058816K
  class space    used 1263K, capacity 1351K, committed 1408K, reserved 1048576K

Card table byte_map: [0x0000000111f5d000,0x000000011275e000] byte_map_base: 0x000000010e95d000

Marking Bits: (ParMarkBitMap*) 0x00000001024edd20
 Begin Bits: [0x0000000112cb4000, 0x0000000116cb4000)
 End Bits:   [0x0000000116cb4000, 0x000000011acb4000)

Polling page: 0x0000000100b63000

CodeCache: size=245760Kb used=1935Kb max_used=1935Kb free=243824Kb
 bounds [0x0000000102b9d000, 0x0000000102e0d000, 0x0000000111b9d000]
 total_blobs=854 nmethods=380 adapters=388
 compilation: enabled

Compilation events (10 events):
Event: 2.721 Thread 0x00007fe6c402f800  368       4       java.util.Arrays::copyOfRange (63 bytes)
Event: 2.721 Thread 0x00007fe6c685c000 nmethod 367 0x0000000102d7b0d0 code [0x0000000102d7b260, 0x0000000102d7b768]
Event: 2.722 Thread 0x00007fe6c402f800 nmethod 368 0x0000000102d7f3d0 code [0x0000000102d7f520, 0x0000000102d7f738]
Event: 2.725 Thread 0x00007fe6c685c000  369       1       javax.swing.text.GapVector::getGapEnd (5 bytes)
Event: 2.725 Thread 0x00007fe6c685c000 nmethod 369 0x0000000102d7e450 code [0x0000000102d7e5a0, 0x0000000102d7e6b0]
Event: 2.725 Thread 0x00007fe6c685c000  370       1       javax.swing.text.GapVector::getGapStart (5 bytes)
Event: 2.725 Thread 0x00007fe6c685c000 nmethod 370 0x0000000102d7e190 code [0x0000000102d7e2e0, 0x0000000102d7e3f0]
Event: 2.726 Thread 0x00007fe6c685c000  371       1       java.lang.Boolean::booleanValue (5 bytes)
Event: 2.726 Thread 0x00007fe6c685c000 nmethod 371 0x0000000102d7dcd0 code [0x0000000102d7de20, 0x0000000102d7df30]
Event: 2.752 Thread 0x00007fe6c685c000  374       1       javax.swing.text.GapVector::getArray (5 bytes)

GC Heap History (0 events):
No events

Deoptimization events (0 events):
No events

Internal exceptions (10 events):
Event: 0.073 Thread 0x00007fe6c5002000 Exception <a 'java/io/FileNotFoundException'> (0x000000076abbc530) thrown at [/HUDSON3/workspace/8-2-build-macosx-x86_64/jdk8u101/7261/hotspot/src/share/vm/prims/jni.cpp, line 709]
Event: 0.074 Thread 0x00007fe6c5002000 Exception <a 'java/io/FileNotFoundException'> (0x000000076abbe870) thrown at [/HUDSON3/workspace/8-2-build-macosx-x86_64/jdk8u101/7261/hotspot/src/share/vm/prims/jni.cpp, line 709]
Event: 1.600 Thread 0x00007fe6c5002000 Exception <a 'java/security/PrivilegedActionException'> (0x000000076abfc508) thrown at [/HUDSON3/workspace/8-2-build-macosx-x86_64/jdk8u101/7261/hotspot/src/share/vm/prims/jvm.cpp, line 1386]
Event: 1.600 Thread 0x00007fe6c5002000 Exception <a 'java/security/PrivilegedActionException'> (0x000000076abfc718) thrown at [/HUDSON3/workspace/8-2-build-macosx-x86_64/jdk8u101/7261/hotspot/src/share/vm/prims/jvm.cpp, line 1386]
Event: 1.600 Thread 0x00007fe6c5002000 Exception <a 'java/security/PrivilegedActionException'> (0x000000076abffa20) thrown at [/HUDSON3/workspace/8-2-build-macosx-x86_64/jdk8u101/7261/hotspot/src/share/vm/prims/jvm.cpp, line 1386]
Event: 1.600 Thread 0x00007fe6c5002000 Exception <a 'java/security/PrivilegedActionException'> (0x000000076abffc30) thrown at [/HUDSON3/workspace/8-2-build-macosx-x86_64/jdk8u101/7261/hotspot/src/share/vm/prims/jvm.cpp, line 1386]
Event: 1.628 Thread 0x00007fe6c5002000 Exception <a 'java/lang/NoSuchFieldError': method resolution failed> (0x000000076af5bff8) thrown at [/HUDSON3/workspace/8-2-build-macosx-x86_64/jdk8u101/7261/hotspot/src/share/vm/prims/methodHandles.cpp, line 1146]
Event: 1.630 Thread 0x00007fe6c5002000 Exception <a 'java/lang/NoSuchFieldError': method resolution failed> (0x000000076af69798) thrown at [/HUDSON3/workspace/8-2-build-macosx-x86_64/jdk8u101/7261/hotspot/src/share/vm/prims/methodHandles.cpp, line 1146]
Event: 1.733 Thread 0x00007fe6c5002000 Exception <a 'java/io/FileNotFoundException'> (0x000000076afe3ed0) thrown at [/HUDSON3/workspace/8-2-build-macosx-x86_64/jdk8u101/7261/hotspot/src/share/vm/prims/jni.cpp, line 709]
Event: 1.733 Thread 0x00007fe6c5002000 Exception <a 'java/io/FileNotFoundException'> (0x000000076afe4a08) thrown at [/HUDSON3/workspace/8-2-build-macosx-x86_64/jdk8u101/7261/hotspot/src/share/vm/prims/jni.cpp, line 709]

Events (10 events):
Event: 2.727 loading class java/awt/Dialog$ModalityType
Event: 2.727 loading class java/awt/event/FocusEvent
Event: 2.727 loading class java/awt/Dialog$ModalityType done
Event: 2.727 loading class java/awt/event/FocusEvent done
Event: 2.727 loading class sun/lwawt/macosx/CImage
Event: 2.727 loading class sun/lwawt/macosx/CImage done
Event: 2.727 loading class sun/lwawt/macosx/CImage$Creator
Event: 2.727 loading class sun/lwawt/macosx/CImage$Creator done
Event: 2.731 loading class sun/awt/TimedWindowEvent
Event: 2.731 loading class sun/awt/TimedWindowEvent done


Dynamic libraries:
0x0000000001621000 	/System/Library/Frameworks/Cocoa.framework/Versions/A/Cocoa
0x0000000001621000 	/System/Library/Frameworks/Security.framework/Versions/A/Security
0x0000000001621000 	/System/Library/Frameworks/ApplicationServices.framework/Versions/A/ApplicationServices
0x0000000001621000 	/usr/lib/libz.1.dylib
0x0000000001621000 	/usr/lib/libSystem.B.dylib
0x0000000001621000 	/usr/lib/libobjc.A.dylib
0x0000000001621000 	/System/Library/Frameworks/CoreFoundation.framework/Versions/A/CoreFoundation
0x0000000001621000 	/System/Library/Frameworks/Foundation.framework/Versions/C/Foundation
0x0000000001621000 	/System/Library/Frameworks/AppKit.framework/Versions/C/AppKit
0x0000000001621000 	/System/Library/Frameworks/CoreData.framework/Versions/A/CoreData
0x0000000001621000 	/System/Library/PrivateFrameworks/RemoteViewServices.framework/Versions/A/RemoteViewServices
0x0000000001621000 	/System/Library/PrivateFrameworks/UIFoundation.framework/Versions/A/UIFoundation
0x0000000001621000 	/usr/lib/libScreenReader.dylib
0x0000000001621000 	/System/Library/Frameworks/Accelerate.framework/Versions/A/Accelerate
0x0000000001621000 	/System/Library/Frameworks/IOSurface.framework/Versions/A/IOSurface
0x0000000001621000 	/System/Library/Frameworks/AudioToolbox.framework/Versions/A/AudioToolbox
0x0000000001621000 	/System/Library/Frameworks/AudioUnit.framework/Versions/A/AudioUnit
0x0000000001621000 	/System/Library/PrivateFrameworks/DataDetectorsCore.framework/Versions/A/DataDetectorsCore
0x0000000001621000 	/System/Library/PrivateFrameworks/DesktopServicesPriv.framework/Versions/A/DesktopServicesPriv
0x0000000001621000 	/System/Library/Frameworks/Carbon.framework/Versions/A/Frameworks/HIToolbox.framework/Versions/A/HIToolbox
0x0000000001621000 	/System/Library/Frameworks/QuartzCore.framework/Versions/A/QuartzCore
0x0000000001621000 	/System/Library/Frameworks/Carbon.framework/Versions/A/Frameworks/SpeechRecognition.framework/Versions/A/SpeechRecognition
0x0000000001621000 	/usr/lib/libauto.dylib
0x0000000001621000 	/usr/lib/libicucore.A.dylib
0x0000000001621000 	/usr/lib/libxml2.2.dylib
0x0000000001621000 	/System/Library/PrivateFrameworks/CoreUI.framework/Versions/A/CoreUI
0x0000000001621000 	/System/Library/Frameworks/CoreAudio.framework/Versions/A/CoreAudio
0x0000000001621000 	/System/Library/Frameworks/DiskArbitration.framework/Versions/A/DiskArbitration
0x0000000001621000 	/usr/lib/liblangid.dylib
0x0000000001621000 	/System/Library/PrivateFrameworks/MultitouchSupport.framework/Versions/A/MultitouchSupport
0x0000000001621000 	/System/Library/Frameworks/IOKit.framework/Versions/A/IOKit
0x0000000001621000 	/usr/lib/libDiagnosticMessagesClient.dylib
0x0000000001621000 	/System/Library/Frameworks/CoreServices.framework/Versions/A/CoreServices
0x0000000001621000 	/System/Library/PrivateFrameworks/PerformanceAnalysis.framework/Versions/A/PerformanceAnalysis
0x0000000001621000 	/System/Library/PrivateFrameworks/GenerationalStorage.framework/Versions/A/GenerationalStorage
0x0000000001621000 	/System/Library/Frameworks/OpenGL.framework/Versions/A/OpenGL
0x0000000001621000 	/System/Library/PrivateFrameworks/Sharing.framework/Versions/A/Sharing
0x0000000001621000 	/System/Library/Frameworks/CoreGraphics.framework/Versions/A/CoreGraphics
0x0000000001621000 	/System/Library/Frameworks/CoreImage.framework/Versions/A/CoreImage
0x0000000001621000 	/System/Library/Frameworks/CoreText.framework/Versions/A/CoreText
0x0000000001621000 	/System/Library/Frameworks/ImageIO.framework/Versions/A/ImageIO
0x0000000001621000 	/System/Library/PrivateFrameworks/Backup.framework/Versions/A/Backup
0x0000000001621000 	/usr/lib/libextension.dylib
0x0000000001621000 	/usr/lib/libarchive.2.dylib
0x0000000001621000 	/System/Library/Frameworks/CFNetwork.framework/Versions/A/CFNetwork
0x0000000001621000 	/System/Library/Frameworks/SystemConfiguration.framework/Versions/A/SystemConfiguration
0x0000000001621000 	/usr/lib/libCRFSuite.dylib
0x0000000001621000 	/usr/lib/libc++.1.dylib
0x0000000001621000 	/usr/lib/libc++abi.dylib
0x0000000001621000 	/usr/lib/system/libcache.dylib
0x0000000001621000 	/usr/lib/system/libcommonCrypto.dylib
0x0000000001621000 	/usr/lib/system/libcompiler_rt.dylib
0x0000000001621000 	/usr/lib/system/libcopyfile.dylib
0x0000000001621000 	/usr/lib/system/libcorecrypto.dylib
0x0000000001621000 	/usr/lib/system/libdispatch.dylib
0x0000000001621000 	/usr/lib/system/libdyld.dylib
0x0000000001621000 	/usr/lib/system/libkeymgr.dylib
0x0000000001621000 	/usr/lib/system/liblaunch.dylib
0x0000000001621000 	/usr/lib/system/libmacho.dylib
0x0000000001621000 	/usr/lib/system/libquarantine.dylib
0x0000000001621000 	/usr/lib/system/libremovefile.dylib
0x0000000001621000 	/usr/lib/system/libsystem_asl.dylib
0x0000000001621000 	/usr/lib/system/libsystem_blocks.dylib
0x0000000001621000 	/usr/lib/system/libsystem_c.dylib
0x0000000001621000 	/usr/lib/system/libsystem_configuration.dylib
0x0000000001621000 	/usr/lib/system/libsystem_coreservices.dylib
0x0000000001621000 	/usr/lib/system/libsystem_coretls.dylib
0x0000000001621000 	/usr/lib/system/libsystem_dnssd.dylib
0x0000000001621000 	/usr/lib/system/libsystem_info.dylib
0x0000000001621000 	/usr/lib/system/libsystem_kernel.dylib
0x0000000001621000 	/usr/lib/system/libsystem_m.dylib
0x0000000001621000 	/usr/lib/system/libsystem_malloc.dylib
0x0000000001621000 	/usr/lib/system/libsystem_network.dylib
0x0000000001621000 	/usr/lib/system/libsystem_networkextension.dylib
0x0000000001621000 	/usr/lib/system/libsystem_notify.dylib
0x0000000001621000 	/usr/lib/system/libsystem_platform.dylib
0x0000000001621000 	/usr/lib/system/libsystem_pthread.dylib
0x0000000001621000 	/usr/lib/system/libsystem_sandbox.dylib
0x0000000001621000 	/usr/lib/system/libsystem_secinit.dylib
0x0000000001621000 	/usr/lib/system/libsystem_trace.dylib
0x0000000001621000 	/usr/lib/system/libunc.dylib
0x0000000001621000 	/usr/lib/system/libunwind.dylib
0x0000000001621000 	/usr/lib/system/libxpc.dylib
0x0000000001621000 	/usr/lib/libenergytrace.dylib
0x0000000001621000 	/usr/lib/libbsm.0.dylib
0x0000000001621000 	/usr/lib/system/libkxld.dylib
0x0000000001621000 	/usr/lib/libxar.1.dylib
0x0000000001621000 	/usr/lib/libsqlite3.dylib
0x0000000001621000 	/usr/lib/libpam.2.dylib
0x0000000001621000 	/usr/lib/libOpenScriptingUtil.dylib
0x0000000001621000 	/usr/lib/libbz2.1.0.dylib
0x0000000001621000 	/usr/lib/liblzma.5.dylib
0x0000000001621000 	/System/Library/Frameworks/CoreServices.framework/Versions/A/Frameworks/FSEvents.framework/Versions/A/FSEvents
0x0000000001621000 	/System/Library/Frameworks/CoreServices.framework/Versions/A/Frameworks/CarbonCore.framework/Versions/A/CarbonCore
0x0000000001621000 	/System/Library/Frameworks/CoreServices.framework/Versions/A/Frameworks/Metadata.framework/Versions/A/Metadata
0x0000000001621000 	/System/Library/Frameworks/CoreServices.framework/Versions/A/Frameworks/OSServices.framework/Versions/A/OSServices
0x0000000001621000 	/System/Library/Frameworks/CoreServices.framework/Versions/A/Frameworks/SearchKit.framework/Versions/A/SearchKit
0x0000000001621000 	/System/Library/Frameworks/CoreServices.framework/Versions/A/Frameworks/AE.framework/Versions/A/AE
0x0000000001621000 	/System/Library/Frameworks/CoreServices.framework/Versions/A/Frameworks/LaunchServices.framework/Versions/A/LaunchServices
0x0000000001621000 	/System/Library/Frameworks/CoreServices.framework/Versions/A/Frameworks/DictionaryServices.framework/Versions/A/DictionaryServices
0x0000000001621000 	/System/Library/Frameworks/CoreServices.framework/Versions/A/Frameworks/SharedFileList.framework/Versions/A/SharedFileList
0x0000000001621000 	/System/Library/Frameworks/NetFS.framework/Versions/A/NetFS
0x0000000001621000 	/System/Library/PrivateFrameworks/NetAuth.framework/Versions/A/NetAuth
0x0000000001621000 	/System/Library/PrivateFrameworks/login.framework/Versions/A/Frameworks/loginsupport.framework/Versions/A/loginsupport
0x0000000001621000 	/System/Library/PrivateFrameworks/TCC.framework/Versions/A/TCC
0x0000000001621000 	/usr/lib/libmecabra.dylib
0x0000000001621000 	/System/Library/Frameworks/ApplicationServices.framework/Versions/A/Frameworks/ATS.framework/Versions/A/ATS
0x0000000001621000 	/System/Library/Frameworks/ApplicationServices.framework/Versions/A/Frameworks/ColorSync.framework/Versions/A/ColorSync
0x0000000001621000 	/System/Library/Frameworks/ApplicationServices.framework/Versions/A/Frameworks/HIServices.framework/Versions/A/HIServices
0x0000000001621000 	/System/Library/Frameworks/ApplicationServices.framework/Versions/A/Frameworks/LangAnalysis.framework/Versions/A/LangAnalysis
0x0000000001621000 	/System/Library/Frameworks/ApplicationServices.framework/Versions/A/Frameworks/PrintCore.framework/Versions/A/PrintCore
0x0000000001621000 	/System/Library/Frameworks/ApplicationServices.framework/Versions/A/Frameworks/QD.framework/Versions/A/QD
0x0000000001621000 	/System/Library/Frameworks/ApplicationServices.framework/Versions/A/Frameworks/SpeechSynthesis.framework/Versions/A/SpeechSynthesis
0x0000000001621000 	/System/Library/Frameworks/Metal.framework/Versions/A/Metal
0x0000000001621000 	/System/Library/Frameworks/Accelerate.framework/Versions/A/Frameworks/vImage.framework/Versions/A/vImage
0x0000000001621000 	/System/Library/Frameworks/Accelerate.framework/Versions/A/Frameworks/vecLib.framework/Versions/A/vecLib
0x0000000001621000 	/System/Library/Frameworks/Accelerate.framework/Versions/A/Frameworks/vecLib.framework/Versions/A/libvDSP.dylib
0x0000000001621000 	/System/Library/Frameworks/Accelerate.framework/Versions/A/Frameworks/vecLib.framework/Versions/A/libvMisc.dylib
0x0000000001621000 	/System/Library/Frameworks/Accelerate.framework/Versions/A/Frameworks/vecLib.framework/Versions/A/libLAPACK.dylib
0x0000000001621000 	/System/Library/Frameworks/Accelerate.framework/Versions/A/Frameworks/vecLib.framework/Versions/A/libBLAS.dylib
0x0000000001621000 	/System/Library/Frameworks/Accelerate.framework/Versions/A/Frameworks/vecLib.framework/Versions/A/libLinearAlgebra.dylib
0x0000000001621000 	/System/Library/Frameworks/Accelerate.framework/Versions/A/Frameworks/vecLib.framework/Versions/A/libSparseBLAS.dylib
0x0000000001621000 	/System/Library/PrivateFrameworks/GPUCompiler.framework/libmetal_timestamp.dylib
0x0000000001621000 	/System/Library/Frameworks/OpenGL.framework/Versions/A/Libraries/libCoreFSCache.dylib
0x0000000001621000 	/System/Library/PrivateFrameworks/IOAccelerator.framework/Versions/A/IOAccelerator
0x0000000001621000 	/System/Library/Frameworks/ApplicationServices.framework/Versions/A/Frameworks/ATS.framework/Versions/A/Resources/libFontParser.dylib
0x0000000001621000 	/System/Library/Frameworks/ApplicationServices.framework/Versions/A/Frameworks/ATS.framework/Versions/A/Resources/libFontRegistry.dylib
0x0000000001621000 	/System/Library/PrivateFrameworks/AppleVPA.framework/Versions/A/AppleVPA
0x0000000001621000 	/System/Library/PrivateFrameworks/AppleJPEG.framework/Versions/A/AppleJPEG
0x0000000001621000 	/System/Library/Frameworks/ImageIO.framework/Versions/A/Resources/libJPEG.dylib
0x0000000001621000 	/System/Library/Frameworks/ImageIO.framework/Versions/A/Resources/libTIFF.dylib
0x0000000001621000 	/System/Library/Frameworks/ImageIO.framework/Versions/A/Resources/libPng.dylib
0x0000000001621000 	/System/Library/Frameworks/ImageIO.framework/Versions/A/Resources/libGIF.dylib
0x0000000001621000 	/System/Library/Frameworks/ImageIO.framework/Versions/A/Resources/libJP2.dylib
0x0000000001621000 	/System/Library/Frameworks/ImageIO.framework/Versions/A/Resources/libRadiance.dylib
0x0000000001621000 	/System/Library/Frameworks/CoreVideo.framework/Versions/A/CoreVideo
0x0000000001621000 	/System/Library/Frameworks/OpenGL.framework/Versions/A/Libraries/libGLU.dylib
0x0000000001621000 	/System/Library/Frameworks/OpenGL.framework/Versions/A/Libraries/libGFXShared.dylib
0x0000000001621000 	/System/Library/Frameworks/OpenGL.framework/Versions/A/Libraries/libGL.dylib
0x0000000001621000 	/System/Library/Frameworks/OpenGL.framework/Versions/A/Libraries/libGLImage.dylib
0x0000000001621000 	/System/Library/Frameworks/OpenGL.framework/Versions/A/Libraries/libCVMSPluginSupport.dylib
0x0000000001621000 	/System/Library/Frameworks/OpenGL.framework/Versions/A/Libraries/libCoreVMClient.dylib
0x0000000001621000 	/usr/lib/libcompression.dylib
0x0000000001621000 	/usr/lib/libcups.2.dylib
0x0000000001621000 	/System/Library/Frameworks/Kerberos.framework/Versions/A/Kerberos
0x0000000001621000 	/System/Library/Frameworks/GSS.framework/Versions/A/GSS
0x0000000001621000 	/usr/lib/libresolv.9.dylib
0x0000000001621000 	/usr/lib/libiconv.2.dylib
0x0000000001621000 	/System/Library/PrivateFrameworks/Heimdal.framework/Versions/A/Heimdal
0x0000000001621000 	/usr/lib/libheimdal-asn1.dylib
0x0000000001621000 	/System/Library/Frameworks/OpenDirectory.framework/Versions/A/OpenDirectory
0x0000000001621000 	/System/Library/PrivateFrameworks/CommonAuth.framework/Versions/A/CommonAuth
0x0000000001621000 	/System/Library/Frameworks/OpenDirectory.framework/Versions/A/Frameworks/CFOpenDirectory.framework/Versions/A/CFOpenDirectory
0x0000000001621000 	/System/Library/Frameworks/SecurityFoundation.framework/Versions/A/SecurityFoundation
0x0000000001621000 	/System/Library/PrivateFrameworks/LanguageModeling.framework/Versions/A/LanguageModeling
0x0000000001621000 	/usr/lib/libmarisa.dylib
0x0000000001621000 	/usr/lib/libChineseTokenizer.dylib
0x0000000001621000 	/usr/lib/libcmph.dylib
0x0000000001621000 	/System/Library/Frameworks/ServiceManagement.framework/Versions/A/ServiceManagement
0x0000000001621000 	/usr/lib/libxslt.1.dylib
0x0000000001621000 	/System/Library/Frameworks/Carbon.framework/Versions/A/Frameworks/Ink.framework/Versions/A/Ink
0x0000000001621000 	/usr/lib/libFosl_dynamic.dylib
0x0000000001621000 	/System/Library/PrivateFrameworks/FaceCore.framework/Versions/A/FaceCore
0x0000000001621000 	/System/Library/Frameworks/OpenCL.framework/Versions/A/OpenCL
0x0000000001621000 	/System/Library/PrivateFrameworks/CrashReporterSupport.framework/Versions/A/CrashReporterSupport
0x0000000001621000 	/System/Library/PrivateFrameworks/IconServices.framework/Versions/A/IconServices
0x0000000001621000 	/System/Library/PrivateFrameworks/Apple80211.framework/Versions/A/Apple80211
0x0000000001621000 	/System/Library/Frameworks/CoreWLAN.framework/Versions/A/CoreWLAN
0x0000000001621000 	/System/Library/Frameworks/IOBluetooth.framework/Versions/A/IOBluetooth
0x0000000001621000 	/System/Library/PrivateFrameworks/CoreWiFi.framework/Versions/A/CoreWiFi
0x0000000001621000 	/System/Library/Frameworks/CoreBluetooth.framework/Versions/A/CoreBluetooth
0x0000000001621000 	/System/Library/PrivateFrameworks/ChunkingLibrary.framework/Versions/A/ChunkingLibrary
0x0000000001621000 	/System/Library/PrivateFrameworks/DebugSymbols.framework/Versions/A/DebugSymbols
0x0000000001621000 	/System/Library/PrivateFrameworks/CoreSymbolication.framework/Versions/A/CoreSymbolication
0x0000000001621000 	/System/Library/PrivateFrameworks/Symbolication.framework/Versions/A/Symbolication
0x0000000001621000 	/System/Library/PrivateFrameworks/SpeechRecognitionCore.framework/Versions/A/SpeechRecognitionCore
0x0000000101c00000 	/Library/Java/JavaVirtualMachines/jdk1.8.0_101.jdk/Contents/Home/jre/lib/server/libjvm.dylib
0x0000000001621000 	/usr/lib/libstdc++.6.dylib
0x0000000100b20000 	/Library/Java/JavaVirtualMachines/jdk1.8.0_101.jdk/Contents/Home/jre/lib/libverify.dylib
0x0000000100b2e000 	/Library/Java/JavaVirtualMachines/jdk1.8.0_101.jdk/Contents/Home/jre/lib/libjava.dylib
0x0000000100b6d000 	/Library/Java/JavaVirtualMachines/jdk1.8.0_101.jdk/Contents/Home/jre/lib/libzip.dylib
0x000000011dbdb000 	/System/Library/Frameworks/JavaVM.framework/Frameworks/JavaRuntimeSupport.framework/JavaRuntimeSupport
0x000000011dbf6000 	/System/Library/Frameworks/JavaVM.framework/Versions/A/Frameworks/JavaNativeFoundation.framework/Versions/A/JavaNativeFoundation
0x0000000100bef000 	/System/Library/Frameworks/JavaVM.framework/Versions/A/JavaVM
0x0000000001621000 	/System/Library/Frameworks/Carbon.framework/Versions/A/Carbon
0x000000011dc0b000 	/System/Library/PrivateFrameworks/JavaLaunching.framework/Versions/A/JavaLaunching
0x0000000001621000 	/System/Library/Frameworks/Carbon.framework/Versions/A/Frameworks/CommonPanels.framework/Versions/A/CommonPanels
0x0000000001621000 	/System/Library/Frameworks/Carbon.framework/Versions/A/Frameworks/Help.framework/Versions/A/Help
0x0000000001621000 	/System/Library/Frameworks/Carbon.framework/Versions/A/Frameworks/ImageCapture.framework/Versions/A/ImageCapture
0x0000000001621000 	/System/Library/Frameworks/Carbon.framework/Versions/A/Frameworks/OpenScripting.framework/Versions/A/OpenScripting
0x0000000001621000 	/System/Library/Frameworks/Carbon.framework/Versions/A/Frameworks/Print.framework/Versions/A/Print
0x0000000001621000 	/System/Library/Frameworks/Carbon.framework/Versions/A/Frameworks/SecurityHI.framework/Versions/A/SecurityHI
0x000000011f52e000 	/Users/sheny/git/cse132-fl16-sheny/jars/jars/jars/librxtxSerial.jnilib
0x000000011f53c000 	/Library/Java/JavaVirtualMachines/jdk1.8.0_101.jdk/Contents/Home/jre/lib/libawt.dylib
0x000000011f5e4000 	/Library/Java/JavaVirtualMachines/jdk1.8.0_101.jdk/Contents/Home/jre/lib/./libmlib_image.dylib
0x000000011f6b0000 	/Library/Java/JavaVirtualMachines/jdk1.8.0_101.jdk/Contents/Home/jre/lib/libawt_lwawt.dylib
0x000000011f765000 	/Library/Java/JavaVirtualMachines/jdk1.8.0_101.jdk/Contents/Home/jre/lib/./libosxapp.dylib
0x0000000001621000 	/System/Library/Frameworks/ExceptionHandling.framework/Versions/A/ExceptionHandling
0x0000000001621000 	/System/Library/PrivateFrameworks/CoreServicesInternal.framework/Versions/A/CoreServicesInternal
0x0000000001621000 	/System/Library/Frameworks/CoreGraphics.framework/Versions/A/Resources/libRIP.A.dylib
0x0000000001621000 	/System/Library/Frameworks/Accelerate.framework/Versions/A/Frameworks/vImage.framework/Versions/A/Libraries/libCGInterfaces.dylib
0x0000000001621000 	/System/Library/Frameworks/CoreGraphics.framework/Versions/A/Resources/libCGXType.A.dylib
0x0000000001621000 	/System/Library/Frameworks/OpenCL.framework/Versions/A/Libraries/libcldcpuengine.dylib
0x0000000001621000 	/System/Library/PrivateFrameworks/DiskImages.framework/Versions/A/DiskImages
0x0000000001621000 	/System/Library/Frameworks/DiscRecording.framework/Versions/A/DiscRecording
0x0000000001621000 	/usr/lib/libcsfde.dylib
0x0000000001621000 	/usr/lib/libcurl.4.dylib
0x0000000001621000 	/System/Library/PrivateFrameworks/MediaKit.framework/Versions/A/MediaKit
0x0000000001621000 	/System/Library/PrivateFrameworks/ProtectedCloudStorage.framework/Versions/A/ProtectedCloudStorage
0x0000000001621000 	/usr/lib/libCoreStorage.dylib
0x0000000001621000 	/System/Library/PrivateFrameworks/EFILogin.framework/Versions/A/EFILogin
0x0000000001621000 	/usr/lib/libutil.dylib
0x0000000001621000 	/System/Library/PrivateFrameworks/FindMyDevice.framework/Versions/A/FindMyDevice
0x0000000001621000 	/System/Library/Frameworks/LDAP.framework/Versions/A/LDAP
0x0000000001621000 	/usr/lib/libsasl2.2.dylib
0x0000000001621000 	/System/Library/PrivateFrameworks/CoreDaemon.framework/Versions/B/CoreDaemon
0x0000000001621000 	/usr/lib/libcrypto.0.9.8.dylib
0x0000000001621000 	/System/Library/PrivateFrameworks/AppleSRP.framework/Versions/A/AppleSRP
0x0000000001621000 	/System/Library/PrivateFrameworks/TrustEvaluationAgent.framework/Versions/A/TrustEvaluationAgent
0x000000012134c000 	cl_kernels
0x0000000001621000 	/System/Library/Frameworks/OpenCL.framework/Versions/A/Libraries/ImageFormats/unorm8_bgra.dylib
0x0000000001621000 	/System/Library/Frameworks/OpenCL.framework/Versions/A/Libraries/ImageFormats/unorm8_rgba.dylib
0x0000000001621000 	/System/Library/PrivateFrameworks/FamilyControls.framework/Versions/A/FamilyControls
0x0000000001621000 	/System/Library/PrivateFrameworks/CommerceKit.framework/Versions/A/Frameworks/CommerceCore.framework/Versions/A/CommerceCore
0x0000000001621000 	/System/Library/PrivateFrameworks/SystemAdministration.framework/Versions/A/SystemAdministration
0x0000000001621000 	/System/Library/PrivateFrameworks/AppContainer.framework/Versions/A/AppContainer
0x0000000001621000 	/System/Library/PrivateFrameworks/SecCodeWrapper.framework/Versions/A/SecCodeWrapper
0x0000000001621000 	/System/Library/Frameworks/DirectoryService.framework/Versions/A/DirectoryService
0x0000000001621000 	/System/Library/PrivateFrameworks/LoginUIKit.framework/Versions/A/Frameworks/LoginUICore.framework/Versions/A/LoginUICore
0x0000000001621000 	/usr/lib/libodfde.dylib
0x0000000001621000 	/System/Library/Frameworks/OpenGL.framework/Versions/A/Resources/GLEngine.bundle/GLEngine
0x0000000001621000 	/System/Library/Frameworks/OpenGL.framework/Versions/A/Libraries/libGLProgrammability.dylib
0x0000000122442000 	/System/Library/Extensions/AppleIntelHD5000GraphicsGLDriver.bundle/Contents/MacOS/AppleIntelHD5000GraphicsGLDriver
0x0000000001621000 	/System/Library/PrivateFrameworks/GPUSupport.framework/Versions/A/Libraries/libGPUSupportMercury.dylib
0x0000000122b91000 	/System/Library/Extensions/AMDRadeonX4000GLDriver.bundle/Contents/MacOS/AMDRadeonX4000GLDriver
0x0000000122c5d000 	/System/Library/Extensions/AMDRadeonX4000GLDriver.bundle/Contents/MacOS/ATIRadeonX4000SCLib.dylib
0x0000000001621000 	/System/Library/Frameworks/OpenGL.framework/Versions/A/Resources/GLRendererFloat.bundle/GLRendererFloat
0x00000001232c9000 	/Library/Java/JavaVirtualMachines/jdk1.8.0_101.jdk/Contents/Home/jre/lib/libfontmanager.dylib
0x0000000123330000 	/Library/Java/JavaVirtualMachines/jdk1.8.0_101.jdk/Contents/Home/jre/lib/libosxui.dylib
0x0000000125bb3000 	/System/Library/Extensions/AMDMTLBronzeDriver.bundle/Contents/MacOS/AMDMTLBronzeDriver
0x0000000001621000 	/System/Library/PrivateFrameworks/IOAccelMemoryInfo.framework/Versions/A/IOAccelMemoryInfo
0x0000000125d0e000 	/System/Library/Extensions/AppleIntelHD5000GraphicsMTLDriver.bundle/Contents/MacOS/AppleIntelHD5000GraphicsMTLDriver
0x0000000126186000 	/Library/Java/JavaVirtualMachines/jdk1.8.0_101.jdk/Contents/Home/jre/lib/libnet.dylib
0x000000012619d000 	/Library/Java/JavaVirtualMachines/jdk1.8.0_101.jdk/Contents/Home/jre/lib/libnio.dylib
0x0000000001621000 	/System/Library/Frameworks/ApplicationServices.framework/Versions/A/Frameworks/ATS.framework/Versions/A/Resources/libTrueTypeScaler.dylib

VM Arguments:
jvm_args: -Djava.library.path=/Users/sheny/git/cse132-fl16-sheny/jars/jars/jars -Dfile.encoding=UTF-8 
java_command: assign4.MsgReceiver
java_class_path (initial): /Users/sheny/git/cse132-fl16-sheny/bin:/Users/sheny/git/cse132-fl16-sheny/jars/jars/jars/RXTXcomm.jar
Launcher Type: SUN_STANDARD

Environment Variables:
PATH=/usr/bin:/bin:/usr/sbin:/sbin
SHELL=/bin/bash

Signal Handlers:
SIGSEGV: [libjvm.dylib+0x5af145], sa_mask[0]=11111111011111110111111111111111, sa_flags=SA_ONSTACK|SA_RESTART|SA_SIGINFO
SIGBUS: [libjvm.dylib+0x5af145], sa_mask[0]=11111111011111110111111111111111, sa_flags=SA_RESTART|SA_SIGINFO
SIGFPE: [libjvm.dylib+0x48694c], sa_mask[0]=11111111011111110111111111111111, sa_flags=SA_RESTART|SA_SIGINFO
SIGPIPE: [libjvm.dylib+0x48694c], sa_mask[0]=11111111011111110111111111111111, sa_flags=SA_RESTART|SA_SIGINFO
SIGXFSZ: [libjvm.dylib+0x48694c], sa_mask[0]=11111111011111110111111111111111, sa_flags=SA_RESTART|SA_SIGINFO
SIGILL: [libjvm.dylib+0x48694c], sa_mask[0]=11111111011111110111111111111111, sa_flags=SA_RESTART|SA_SIGINFO
SIGUSR1: SIG_DFL, sa_mask[0]=00000000000000000000000000000000, sa_flags=none
SIGUSR2: [libjvm.dylib+0x48646a], sa_mask[0]=00100000000000000000000000000000, sa_flags=SA_RESTART|SA_SIGINFO
SIGHUP: [libjvm.dylib+0x484a41], sa_mask[0]=11111111011111110111111111111111, sa_flags=SA_RESTART|SA_SIGINFO
SIGINT: [libjvm.dylib+0x484a41], sa_mask[0]=11111111011111110111111111111111, sa_flags=SA_RESTART|SA_SIGINFO
SIGTERM: [libjvm.dylib+0x484a41], sa_mask[0]=11111111011111110111111111111111, sa_flags=SA_RESTART|SA_SIGINFO
SIGQUIT: [libjvm.dylib+0x484a41], sa_mask[0]=11111111011111110111111111111111, sa_flags=SA_RESTART|SA_SIGINFO


---------------  S Y S T E M  ---------------

OS:Bsduname:Darwin 15.6.0 Darwin Kernel Version 15.6.0: Mon Aug 29 20:21:34 PDT 2016; root:xnu-3248.60.11~1/RELEASE_X86_64 x86_64
rlimit: STACK 8192k, CORE 0k, NPROC 709, NOFILE 10240, AS infinity
load average:1.59 1.75 1.78

CPU:total 8 (4 cores per cpu, 2 threads per core) family 6 model 70 stepping 1, cmov, cx8, fxsr, mmx, sse, sse2, sse3, ssse3, sse4.1, sse4.2, popcnt, avx, avx2, aes, clmul, erms, lzcnt, ht, tsc, tscinvbit, bmi1, bmi2

Memory: 4k page, physical 16777216k(775948k free)

/proc/meminfo:


vm_info: Java HotSpot(TM) 64-Bit Server VM (25.101-b13) for bsd-amd64 JRE (1.8.0_101-b13), built on Jun 22 2016 02:42:15 by "java_re" with gcc 4.2.1 (Based on Apple Inc. build 5658) (LLVM build 2336.11.00)

time: Thu Oct  6 21:46:27 2016
elapsed time: 2 seconds (0d 0h 0m 2s)

