#
# A fatal error has been detected by the Java Runtime Environment:
#
#  SIGSEGV (0xb) at pc=0x0000000120a29c58, pid=11076, tid=0x0000000000001703
#
# JRE version: Java(TM) SE Runtime Environment (8.0_101-b13) (build 1.8.0_101-b13)
# Java VM: Java HotSpot(TM) 64-Bit Server VM (25.101-b13 mixed mode bsd-amd64 compressed oops)
# Problematic frame:
# C  [librxtxSerial.jnilib+0x3c58]  read_byte_array+0x7f
#
# Failed to write core dump. Core dumps have been disabled. To enable core dumping, try "ulimit -c unlimited" before starting Java again
#
# If you would like to submit a bug report, please visit:
#   http://bugreport.java.com/bugreport/crash.jsp
# The crash happened outside the Java Virtual Machine in native code.
# See problematic frame for where to report the bug.
#

---------------  T H R E A D  ---------------

Current thread (0x00007f991b801800):  JavaThread "main" [_thread_in_native, id=5891, stack(0x000070000011a000,0x000070000021a000)]

siginfo: si_signo: 11 (SIGSEGV), si_code: 1 (SEGV_MAPERR), si_addr: 0x0000700001658718

Registers:
RAX=0x0000700001658710, RBX=0x00000007c0062028, RCX=0x0000000000000000, RDX=0x0000000000000002
RSP=0x0000700000219400, RBP=0x0000700000219540, RSI=0x0000000120a2d544, RDI=0x0000000120a2d162
R8 =0x0000000000000065, R9 =0x000000076abd80a0, R10=0x0000000000000014, R11=0x0000000103aeee70
R12=0x0000000000000000, R13=0x000000076cc6abe0, R14=0x0000000000000000, R15=0x00007f991b801800
RIP=0x0000000120a29c58, EFLAGS=0x0000000000010202, ERR=0x0000000000000004
  TRAPNO=0x000000000000000e

Top of Stack: (sp=0x0000700000219400)
0x0000700000219400:   00007f991871e4d0 00007f991b801800
0x0000700000219410:   00000001020eb460 00000000000000e2
0x0000700000219420:   00007000002194b0 00000001ffffffff
0x0000700000219430:   0000700000219573 0000000700000002
0x0000700000219440:   0000700000219560 00007f991b8019f8
0x0000700000219450:   00007f991b801800 0000000000000000
0x0000700000219460:   0000000000000010 00007f991b801800
0x0000700000219470:   00007f991841dbd8 00007f991b8019f8
0x0000700000219480:   00007000002194b0 00000001035136dd
0x0000700000219490:   0000000000000000 00007f991b801800
0x00007000002194a0:   00000007c0062028 0000000000000000
0x00007000002194b0:   0000700000219510 0000000120a2bc11
0x00007000002194c0:   fd0017a5c7451600 ffffffffffffffff
0x00007000002194d0:   0000000120a2d160 0000000120a2dac4
0x00007000002194e0:   0000700000219590 00007f991b8019f8
0x00007000002194f0:   0000000000219510 ffffffffffffffff
0x0000700000219500:   0000000000000000 0000000000000000
0x0000700000219510:   0000700000219540 0000000020a2bc63
0x0000700000219520:   0000700001658710 0000000120a2dac4
0x0000700000219530:   0000700000219590 00000007c0062028
0x0000700000219540:   0000700000219580 0000000120a2a07c
0x0000700000219550:   fd0017a5c7451600 0000700000219670
0x0000700000219560:   0000700000219590 00007f991b8019f8
0x0000700000219570:   000000076ab254f8 ffffffff00000007
0x0000700000219580:   00007000002195d0 00000001044c6866
0x0000700000219590:   000000076abd80a0 00000001044c70c8
0x00007000002195a0:   00007000002195f0 00000001044b8a46
0x00007000002195b0:   000000076ab1b7a8 000000076ab25510
0x00007000002195c0:   00007f991aa002e8 0000000000000007
0x00007000002195d0:   0000700000219920 00000001044c9bbc
0x00007000002195e0:   0000000000000001 0000700000219660
0x00007000002195f0:   000000076ab254f8 00000001044f19e8 

Instructions: (pc=0x0000000120a29c58)
0x0000000120a29c38:   bd 08 ff ff ff 48 8d 0d fe 38 00 00 48 8d 15 f9
0x0000000120a29c48:   38 00 00 e8 88 1e 00 00 48 89 45 e0 48 8b 45 e0
0x0000000120a29c58:   8b 40 08 89 45 d8 48 8b 45 e0 c7 40 08 00 00 00
0x0000000120a29c68:   00 8b 85 ec fe ff ff 89 45 b0 83 bd e8 fe ff ff 

Register to memory mapping:

RAX=0x0000700001658710 is an unknown value
RBX=0x00000007c0062028 is pointing into metadata
RCX=0x0000000000000000 is an unknown value
RDX=0x0000000000000002 is an unknown value
RSP=0x0000700000219400 is pointing into the stack for thread: 0x00007f991b801800
RBP=0x0000700000219540 is pointing into the stack for thread: 0x00007f991b801800
RSI=0x0000000120a2d544: Java_gnu_io_CommPortIdentifier_native_1psmisc_1report_1owner+0x850 in /Users/sheny/git/cse132-fl16-sheny/jars/jars/jars/librxtxSerial.jnilib at 0x0000000120a26000
RDI=0x0000000120a2d162: Java_gnu_io_CommPortIdentifier_native_1psmisc_1report_1owner+0x46e in /Users/sheny/git/cse132-fl16-sheny/jars/jars/jars/librxtxSerial.jnilib at 0x0000000120a26000
R8 =0x0000000000000065 is an unknown value
R9 =0x000000076abd80a0 is an oop
gnu.io.RXTXPort 
 - klass: 'gnu/io/RXTXPort'
R10=0x0000000000000014 is an unknown value
R11=0x0000000103aeee70: _ZN20SafepointSynchronize18_safepoint_counterE+0 in /Library/Java/JavaVirtualMachines/jdk1.8.0_101.jdk/Contents/Home/jre/lib/server/libjvm.dylib at 0x0000000103200000
R12=0x0000000000000000 is an unknown value
R13=0x000000076cc6abe0 is an oop
java.io.DataInputStream 
 - klass: 'java/io/DataInputStream'
R14=0x0000000000000000 is an unknown value
R15=0x00007f991b801800 is a thread


Stack: [0x000070000011a000,0x000070000021a000],  sp=0x0000700000219400,  free space=1021k
Native frames: (J=compiled Java code, j=interpreted, Vv=VM code, C=native code)
C  [librxtxSerial.jnilib+0x3c58]  read_byte_array+0x7f
C  [librxtxSerial.jnilib+0x407c]  Java_gnu_io_RXTXPort_readByte+0x6c
J 976  gnu.io.RXTXPort.readByte()I (0 bytes) @ 0x00000001044c6866 [0x00000001044c67c0+0xa6]
J 975 C1 gnu.io.RXTXPort$SerialInputStream.read()I (167 bytes) @ 0x00000001044c9bbc [0x00000001044c95a0+0x61c]
J 974 C1 studio4.ViewInputStream.read()I (296 bytes) @ 0x00000001044caf7c [0x00000001044cae20+0x15c]
J 981 C1 assign4.MsgReceiver.nextState(Lassign4/MsgReceiver$State;)Lassign4/MsgReceiver$State; (412 bytes) @ 0x00000001044cfcc4 [0x00000001044cd6c0+0x2604]
J 980 C1 assign4.MsgReceiver.run()V (21 bytes) @ 0x00000001044cc864 [0x00000001044cc7c0+0xa4]
j  assign4.MsgReceiver.main([Ljava/lang/String;)V+30
v  ~StubRoutines::call_stub
V  [libjvm.dylib+0x2ecf06]  JavaCalls::call_helper(JavaValue*, methodHandle*, JavaCallArguments*, Thread*)+0x6ae
V  [libjvm.dylib+0x323d7a]  jni_invoke_static(JNIEnv_*, JavaValue*, _jobject*, JNICallType, _jmethodID*, JNI_ArgumentPusher*, Thread*)+0x1bf
V  [libjvm.dylib+0x31caf1]  jni_CallStaticVoidMethod+0x15d
C  [java+0x3931]  JavaMain+0x9c4
C  [libsystem_pthread.dylib+0x399d]  _pthread_body+0x83
C  [libsystem_pthread.dylib+0x391a]  _pthread_body+0x0
C  [libsystem_pthread.dylib+0x1351]  thread_start+0xd
C  0x0000000000000000

Java frames: (J=compiled Java code, j=interpreted, Vv=VM code)
J 976  gnu.io.RXTXPort.readByte()I (0 bytes) @ 0x00000001044c67f8 [0x00000001044c67c0+0x38]
J 975 C1 gnu.io.RXTXPort$SerialInputStream.read()I (167 bytes) @ 0x00000001044c9bbc [0x00000001044c95a0+0x61c]
J 974 C1 studio4.ViewInputStream.read()I (296 bytes) @ 0x00000001044caf7c [0x00000001044cae20+0x15c]
J 981 C1 assign4.MsgReceiver.nextState(Lassign4/MsgReceiver$State;)Lassign4/MsgReceiver$State; (412 bytes) @ 0x00000001044cfcc4 [0x00000001044cd6c0+0x2604]
J 980 C1 assign4.MsgReceiver.run()V (21 bytes) @ 0x00000001044cc864 [0x00000001044cc7c0+0xa4]
j  assign4.MsgReceiver.main([Ljava/lang/String;)V+30
v  ~StubRoutines::call_stub

---------------  P R O C E S S  ---------------

Java Threads: ( => current thread )
  0x00007f991b1e5800 JavaThread "TimerQueue" daemon [_thread_blocked, id=68383, stack(0x0000700001f03000,0x0000700002003000)]
  0x00007f99188ef000 JavaThread "AWT-EventQueue-0" [_thread_blocked, id=60419, stack(0x0000700001d7d000,0x0000700001e7d000)]
  0x00007f99188e4000 JavaThread "Java2D Disposer" daemon [_thread_blocked, id=55059, stack(0x0000700001c7a000,0x0000700001d7a000)]
  0x00007f99188dc800 JavaThread "Java2D Queue Flusher" daemon [_thread_blocked, id=55303, stack(0x0000700001b77000,0x0000700001c77000)]
  0x00007f991888c000 JavaThread "AWT-Shutdown" [_thread_blocked, id=34323, stack(0x00007000018eb000,0x00007000019eb000)]
  0x00007f991c109800 JavaThread "AppKit Thread" daemon [_thread_in_native, id=2571, stack(0x00007fff5d668000,0x00007fff5de68000)]
  0x00007f991b80a800 JavaThread "Service Thread" daemon [_thread_blocked, id=20995, stack(0x0000700001353000,0x0000700001453000)]
  0x00007f991c800000 JavaThread "C1 CompilerThread3" daemon [_thread_blocked, id=20483, stack(0x0000700001250000,0x0000700001350000)]
  0x00007f991c001800 JavaThread "C2 CompilerThread2" daemon [_thread_blocked, id=19971, stack(0x000070000114d000,0x000070000124d000)]
  0x00007f991b027800 JavaThread "C2 CompilerThread1" daemon [_thread_blocked, id=19459, stack(0x000070000104a000,0x000070000114a000)]
  0x00007f991a00f800 JavaThread "C2 CompilerThread0" daemon [_thread_blocked, id=18947, stack(0x0000700000f47000,0x0000700001047000)]
  0x00007f991a00f000 JavaThread "Signal Dispatcher" daemon [_thread_blocked, id=16143, stack(0x0000700000e44000,0x0000700000f44000)]
  0x00007f991b01c800 JavaThread "Finalizer" daemon [_thread_blocked, id=14339, stack(0x0000700000c3b000,0x0000700000d3b000)]
  0x00007f991880c000 JavaThread "Reference Handler" daemon [_thread_blocked, id=13827, stack(0x0000700000b38000,0x0000700000c38000)]
=>0x00007f991b801800 JavaThread "main" [_thread_in_native, id=5891, stack(0x000070000011a000,0x000070000021a000)]

Other Threads:
  0x00007f991b016800 VMThread [stack: 0x0000700000a35000,0x0000700000b35000] [id=13315]
  0x00007f9919007800 WatcherThread [stack: 0x0000700001456000,0x0000700001556000] [id=21507]

VM state:not at safepoint (normal execution)

VM Mutex/Monitor currently owned by a thread: None

Heap:
 PSYoungGen      total 76288K, used 35401K [0x000000076ab00000, 0x0000000770000000, 0x00000007c0000000)
  eden space 65536K, 54% used [0x000000076ab00000,0x000000076cd92450,0x000000076eb00000)
  from space 10752K, 0% used [0x000000076f580000,0x000000076f580000,0x0000000770000000)
  to   space 10752K, 0% used [0x000000076eb00000,0x000000076eb00000,0x000000076f580000)
 ParOldGen       total 175104K, used 0K [0x00000006c0000000, 0x00000006cab00000, 0x000000076ab00000)
  object space 175104K, 0% used [0x00000006c0000000,0x00000006c0000000,0x00000006cab00000)
 Metaspace       used 10985K, capacity 11152K, committed 11520K, reserved 1058816K
  class space    used 1363K, capacity 1453K, committed 1536K, reserved 1048576K

Card table byte_map: [0x000000011355d000,0x0000000113d5e000] byte_map_base: 0x000000010ff5d000

Marking Bits: (ParMarkBitMap*) 0x0000000103aedd20
 Begin Bits: [0x00000001142b4000, 0x00000001182b4000)
 End Bits:   [0x00000001182b4000, 0x000000011c2b4000)

Polling page: 0x000000010205b000

CodeCache: size=245760Kb used=3414Kb max_used=3431Kb free=242345Kb
 bounds [0x000000010419d000, 0x00000001044fd000, 0x000000011319d000]
 total_blobs=1516 nmethods=1017 adapters=413
 compilation: enabled

Compilation events (10 events):
Event: 6.921 Thread 0x00007f991a00f800 nmethod 1013 0x00000001044ede90 code [0x00000001044ee040, 0x00000001044eeaf8]
Event: 6.921 Thread 0x00007f991a00f800 1015       4       java.lang.Throwable$WrappedPrintStream::println (9 bytes)
Event: 6.923 Thread 0x00007f991b027800 nmethod 1014 0x00000001044f3550 code [0x00000001044f3720, 0x00000001044f44c8]
Event: 6.925 Thread 0x00007f991c001800 1016       4       java.lang.Integer::getChars (131 bytes)
Event: 6.927 Thread 0x00007f991c001800 nmethod 1016 0x00000001044efb10 code [0x00000001044efc60, 0x00000001044efe38]
Event: 6.927 Thread 0x00007f991c001800 1017       4       java.lang.StackTraceElement::toString (140 bytes)
Event: 6.929 Thread 0x00007f991b027800 1018       4       java.lang.AbstractStringBuilder::append (62 bytes)
Event: 6.933 Thread 0x00007f991a00f800 nmethod 1015 0x00000001044f4f50 code [0x00000001044f5140, 0x00000001044f5f30]
Event: 6.938 Thread 0x00007f991b027800 nmethod 1018 0x00000001044df990 code [0x00000001044dfb00, 0x00000001044e01b8]
Event: 6.952 Thread 0x00007f991c001800 nmethod 1017 0x00000001044f9cd0 code [0x00000001044f9f00, 0x00000001044fb4d8]

GC Heap History (0 events):
No events

Deoptimization events (1 events):
Event: 2.866 Thread 0x00007f99188ef000 Uncommon trap: reason=unstable_if action=reinterpret pc=0x000000010439c138 method=sun.font.FontDesignMetrics.getLatinCharWidth(C)F @ 11

Internal exceptions (10 events):
Event: 7.472 Thread 0x00007f991b801800 Exception <a 'java/io/IOException': Device not configured in readByte> (0x000000076cc52018) thrown at [/HUDSON3/workspace/8-2-build-macosx-x86_64/jdk8u101/7261/hotspot/src/share/vm/prims/jni.cpp, line 735]
Event: 7.472 Thread 0x00007f991b801800 Exception <a 'java/io/IOException': Device not configured in readByte> (0x000000076cc547d8) thrown at [/HUDSON3/workspace/8-2-build-macosx-x86_64/jdk8u101/7261/hotspot/src/share/vm/prims/jni.cpp, line 735]
Event: 7.472 Thread 0x00007f991b801800 Exception <a 'java/io/IOException': Device not configured in readByte> (0x000000076cc56f98) thrown at [/HUDSON3/workspace/8-2-build-macosx-x86_64/jdk8u101/7261/hotspot/src/share/vm/prims/jni.cpp, line 735]
Event: 7.472 Thread 0x00007f991b801800 Exception <a 'java/io/IOException': Device not configured in readByte> (0x000000076cc59758) thrown at [/HUDSON3/workspace/8-2-build-macosx-x86_64/jdk8u101/7261/hotspot/src/share/vm/prims/jni.cpp, line 735]
Event: 7.472 Thread 0x00007f991b801800 Exception <a 'java/io/IOException': Device not configured in readByte> (0x000000076cc5bf18) thrown at [/HUDSON3/workspace/8-2-build-macosx-x86_64/jdk8u101/7261/hotspot/src/share/vm/prims/jni.cpp, line 735]
Event: 7.472 Thread 0x00007f991b801800 Exception <a 'java/io/IOException': Device not configured in readByte> (0x000000076cc5e6d8) thrown at [/HUDSON3/workspace/8-2-build-macosx-x86_64/jdk8u101/7261/hotspot/src/share/vm/prims/jni.cpp, line 735]
Event: 7.472 Thread 0x00007f991b801800 Exception <a 'java/io/IOException': Device not configured in readByte> (0x000000076cc60e98) thrown at [/HUDSON3/workspace/8-2-build-macosx-x86_64/jdk8u101/7261/hotspot/src/share/vm/prims/jni.cpp, line 735]
Event: 7.472 Thread 0x00007f991b801800 Exception <a 'java/io/IOException': Device not configured in readByte> (0x000000076cc63658) thrown at [/HUDSON3/workspace/8-2-build-macosx-x86_64/jdk8u101/7261/hotspot/src/share/vm/prims/jni.cpp, line 735]
Event: 7.472 Thread 0x00007f991b801800 Exception <a 'java/io/IOException': Device not configured in readByte> (0x000000076cc65e18) thrown at [/HUDSON3/workspace/8-2-build-macosx-x86_64/jdk8u101/7261/hotspot/src/share/vm/prims/jni.cpp, line 735]
Event: 7.472 Thread 0x00007f991b801800 Exception <a 'java/io/IOException': Device not configured in readByte> (0x000000076cc685d8) thrown at [/HUDSON3/workspace/8-2-build-macosx-x86_64/jdk8u101/7261/hotspot/src/share/vm/prims/jni.cpp, line 735]

Events (10 events):
Event: 6.849 loading class java/lang/Throwable$PrintStreamOrWriter
Event: 6.849 loading class java/lang/Throwable$PrintStreamOrWriter done
Event: 6.849 loading class java/lang/Throwable$WrappedPrintStream done
Event: 6.858 Executing VM operation: BulkRevokeBias
Event: 6.858 Executing VM operation: BulkRevokeBias done
Event: 6.858 loading class java/awt/LightweightDispatcher$2
Event: 6.858 loading class java/awt/LightweightDispatcher$2 done
Event: 6.861 Executing VM operation: BulkRevokeBias
Event: 6.861 Executing VM operation: BulkRevokeBias done
Event: 7.589 Thread 0x00007f991b026000 Thread exited: 0x00007f991b026000


Dynamic libraries:
0x0000000001621000 	/System/Library/Frameworks/Cocoa.framework/Versions/A/Cocoa
0x0000000001621000 	/System/Library/Frameworks/Security.framework/Versions/A/Security
0x0000000001621000 	/System/Library/Frameworks/ApplicationServices.framework/Versions/A/ApplicationServices
0x0000000001621000 	/usr/lib/libz.1.dylib
0x0000000001621000 	/usr/lib/libSystem.B.dylib
0x0000000001621000 	/usr/lib/libobjc.A.dylib
0x0000000001621000 	/System/Library/Frameworks/CoreFoundation.framework/Versions/A/CoreFoundation
0x0000000001621000 	/System/Library/Frameworks/Foundation.framework/Versions/C/Foundation
0x0000000001621000 	/System/Library/Frameworks/AppKit.framework/Versions/C/AppKit
0x0000000001621000 	/System/Library/Frameworks/CoreData.framework/Versions/A/CoreData
0x0000000001621000 	/System/Library/PrivateFrameworks/RemoteViewServices.framework/Versions/A/RemoteViewServices
0x0000000001621000 	/System/Library/PrivateFrameworks/UIFoundation.framework/Versions/A/UIFoundation
0x0000000001621000 	/usr/lib/libScreenReader.dylib
0x0000000001621000 	/System/Library/Frameworks/Accelerate.framework/Versions/A/Accelerate
0x0000000001621000 	/System/Library/Frameworks/IOSurface.framework/Versions/A/IOSurface
0x0000000001621000 	/System/Library/Frameworks/AudioToolbox.framework/Versions/A/AudioToolbox
0x0000000001621000 	/System/Library/Frameworks/AudioUnit.framework/Versions/A/AudioUnit
0x0000000001621000 	/System/Library/PrivateFrameworks/DataDetectorsCore.framework/Versions/A/DataDetectorsCore
0x0000000001621000 	/System/Library/PrivateFrameworks/DesktopServicesPriv.framework/Versions/A/DesktopServicesPriv
0x0000000001621000 	/System/Library/Frameworks/Carbon.framework/Versions/A/Frameworks/HIToolbox.framework/Versions/A/HIToolbox
0x0000000001621000 	/System/Library/Frameworks/QuartzCore.framework/Versions/A/QuartzCore
0x0000000001621000 	/System/Library/Frameworks/Carbon.framework/Versions/A/Frameworks/SpeechRecognition.framework/Versions/A/SpeechRecognition
0x0000000001621000 	/usr/lib/libauto.dylib
0x0000000001621000 	/usr/lib/libicucore.A.dylib
0x0000000001621000 	/usr/lib/libxml2.2.dylib
0x0000000001621000 	/System/Library/PrivateFrameworks/CoreUI.framework/Versions/A/CoreUI
0x0000000001621000 	/System/Library/Frameworks/CoreAudio.framework/Versions/A/CoreAudio
0x0000000001621000 	/System/Library/Frameworks/DiskArbitration.framework/Versions/A/DiskArbitration
0x0000000001621000 	/usr/lib/liblangid.dylib
0x0000000001621000 	/System/Library/PrivateFrameworks/MultitouchSupport.framework/Versions/A/MultitouchSupport
0x0000000001621000 	/System/Library/Frameworks/IOKit.framework/Versions/A/IOKit
0x0000000001621000 	/usr/lib/libDiagnosticMessagesClient.dylib
0x0000000001621000 	/System/Library/Frameworks/CoreServices.framework/Versions/A/CoreServices
0x0000000001621000 	/System/Library/PrivateFrameworks/PerformanceAnalysis.framework/Versions/A/PerformanceAnalysis
0x0000000001621000 	/System/Library/PrivateFrameworks/GenerationalStorage.framework/Versions/A/GenerationalStorage
0x0000000001621000 	/System/Library/Frameworks/OpenGL.framework/Versions/A/OpenGL
0x0000000001621000 	/System/Library/PrivateFrameworks/Sharing.framework/Versions/A/Sharing
0x0000000001621000 	/System/Library/Frameworks/CoreGraphics.framework/Versions/A/CoreGraphics
0x0000000001621000 	/System/Library/Frameworks/CoreImage.framework/Versions/A/CoreImage
0x0000000001621000 	/System/Library/Frameworks/CoreText.framework/Versions/A/CoreText
0x0000000001621000 	/System/Library/Frameworks/ImageIO.framework/Versions/A/ImageIO
0x0000000001621000 	/System/Library/PrivateFrameworks/Backup.framework/Versions/A/Backup
0x0000000001621000 	/usr/lib/libextension.dylib
0x0000000001621000 	/usr/lib/libarchive.2.dylib
0x0000000001621000 	/System/Library/Frameworks/CFNetwork.framework/Versions/A/CFNetwork
0x0000000001621000 	/System/Library/Frameworks/SystemConfiguration.framework/Versions/A/SystemConfiguration
0x0000000001621000 	/usr/lib/libCRFSuite.dylib
0x0000000001621000 	/usr/lib/libc++.1.dylib
0x0000000001621000 	/usr/lib/libc++abi.dylib
0x0000000001621000 	/usr/lib/system/libcache.dylib
0x0000000001621000 	/usr/lib/system/libcommonCrypto.dylib
0x0000000001621000 	/usr/lib/system/libcompiler_rt.dylib
0x0000000001621000 	/usr/lib/system/libcopyfile.dylib
0x0000000001621000 	/usr/lib/system/libcorecrypto.dylib
0x0000000001621000 	/usr/lib/system/libdispatch.dylib
0x0000000001621000 	/usr/lib/system/libdyld.dylib
0x0000000001621000 	/usr/lib/system/libkeymgr.dylib
0x0000000001621000 	/usr/lib/system/liblaunch.dylib
0x0000000001621000 	/usr/lib/system/libmacho.dylib
0x0000000001621000 	/usr/lib/system/libquarantine.dylib
0x0000000001621000 	/usr/lib/system/libremovefile.dylib
0x0000000001621000 	/usr/lib/system/libsystem_asl.dylib
0x0000000001621000 	/usr/lib/system/libsystem_blocks.dylib
0x0000000001621000 	/usr/lib/system/libsystem_c.dylib
0x0000000001621000 	/usr/lib/system/libsystem_configuration.dylib
0x0000000001621000 	/usr/lib/system/libsystem_coreservices.dylib
0x0000000001621000 	/usr/lib/system/libsystem_coretls.dylib
0x0000000001621000 	/usr/lib/system/libsystem_dnssd.dylib
0x0000000001621000 	/usr/lib/system/libsystem_info.dylib
0x0000000001621000 	/usr/lib/system/libsystem_kernel.dylib
0x0000000001621000 	/usr/lib/system/libsystem_m.dylib
0x0000000001621000 	/usr/lib/system/libsystem_malloc.dylib
0x0000000001621000 	/usr/lib/system/libsystem_network.dylib
0x0000000001621000 	/usr/lib/system/libsystem_networkextension.dylib
0x0000000001621000 	/usr/lib/system/libsystem_notify.dylib
0x0000000001621000 	/usr/lib/system/libsystem_platform.dylib
0x0000000001621000 	/usr/lib/system/libsystem_pthread.dylib
0x0000000001621000 	/usr/lib/system/libsystem_sandbox.dylib
0x0000000001621000 	/usr/lib/system/libsystem_secinit.dylib
0x0000000001621000 	/usr/lib/system/libsystem_trace.dylib
0x0000000001621000 	/usr/lib/system/libunc.dylib
0x0000000001621000 	/usr/lib/system/libunwind.dylib
0x0000000001621000 	/usr/lib/system/libxpc.dylib
0x0000000001621000 	/usr/lib/libenergytrace.dylib
0x0000000001621000 	/usr/lib/libbsm.0.dylib
0x0000000001621000 	/usr/lib/system/libkxld.dylib
0x0000000001621000 	/usr/lib/libxar.1.dylib
0x0000000001621000 	/usr/lib/libsqlite3.dylib
0x0000000001621000 	/usr/lib/libpam.2.dylib
0x0000000001621000 	/usr/lib/libOpenScriptingUtil.dylib
0x0000000001621000 	/usr/lib/libbz2.1.0.dylib
0x0000000001621000 	/usr/lib/liblzma.5.dylib
0x0000000001621000 	/System/Library/Frameworks/CoreServices.framework/Versions/A/Frameworks/FSEvents.framework/Versions/A/FSEvents
0x0000000001621000 	/System/Library/Frameworks/CoreServices.framework/Versions/A/Frameworks/CarbonCore.framework/Versions/A/CarbonCore
0x0000000001621000 	/System/Library/Frameworks/CoreServices.framework/Versions/A/Frameworks/Metadata.framework/Versions/A/Metadata
0x0000000001621000 	/System/Library/Frameworks/CoreServices.framework/Versions/A/Frameworks/OSServices.framework/Versions/A/OSServices
0x0000000001621000 	/System/Library/Frameworks/CoreServices.framework/Versions/A/Frameworks/SearchKit.framework/Versions/A/SearchKit
0x0000000001621000 	/System/Library/Frameworks/CoreServices.framework/Versions/A/Frameworks/AE.framework/Versions/A/AE
0x0000000001621000 	/System/Library/Frameworks/CoreServices.framework/Versions/A/Frameworks/LaunchServices.framework/Versions/A/LaunchServices
0x0000000001621000 	/System/Library/Frameworks/CoreServices.framework/Versions/A/Frameworks/DictionaryServices.framework/Versions/A/DictionaryServices
0x0000000001621000 	/System/Library/Frameworks/CoreServices.framework/Versions/A/Frameworks/SharedFileList.framework/Versions/A/SharedFileList
0x0000000001621000 	/System/Library/Frameworks/NetFS.framework/Versions/A/NetFS
0x0000000001621000 	/System/Library/PrivateFrameworks/NetAuth.framework/Versions/A/NetAuth
0x0000000001621000 	/System/Library/PrivateFrameworks/login.framework/Versions/A/Frameworks/loginsupport.framework/Versions/A/loginsupport
0x0000000001621000 	/System/Library/PrivateFrameworks/TCC.framework/Versions/A/TCC
0x0000000001621000 	/usr/lib/libmecabra.dylib
0x0000000001621000 	/System/Library/Frameworks/ApplicationServices.framework/Versions/A/Frameworks/ATS.framework/Versions/A/ATS
0x0000000001621000 	/System/Library/Frameworks/ApplicationServices.framework/Versions/A/Frameworks/ColorSync.framework/Versions/A/ColorSync
0x0000000001621000 	/System/Library/Frameworks/ApplicationServices.framework/Versions/A/Frameworks/HIServices.framework/Versions/A/HIServices
0x0000000001621000 	/System/Library/Frameworks/ApplicationServices.framework/Versions/A/Frameworks/LangAnalysis.framework/Versions/A/LangAnalysis
0x0000000001621000 	/System/Library/Frameworks/ApplicationServices.framework/Versions/A/Frameworks/PrintCore.framework/Versions/A/PrintCore
0x0000000001621000 	/System/Library/Frameworks/ApplicationServices.framework/Versions/A/Frameworks/QD.framework/Versions/A/QD
0x0000000001621000 	/System/Library/Frameworks/ApplicationServices.framework/Versions/A/Frameworks/SpeechSynthesis.framework/Versions/A/SpeechSynthesis
0x0000000001621000 	/System/Library/Frameworks/Metal.framework/Versions/A/Metal
0x0000000001621000 	/System/Library/Frameworks/Accelerate.framework/Versions/A/Frameworks/vImage.framework/Versions/A/vImage
0x0000000001621000 	/System/Library/Frameworks/Accelerate.framework/Versions/A/Frameworks/vecLib.framework/Versions/A/vecLib
0x0000000001621000 	/System/Library/Frameworks/Accelerate.framework/Versions/A/Frameworks/vecLib.framework/Versions/A/libvDSP.dylib
0x0000000001621000 	/System/Library/Frameworks/Accelerate.framework/Versions/A/Frameworks/vecLib.framework/Versions/A/libvMisc.dylib
0x0000000001621000 	/System/Library/Frameworks/Accelerate.framework/Versions/A/Frameworks/vecLib.framework/Versions/A/libLAPACK.dylib
0x0000000001621000 	/System/Library/Frameworks/Accelerate.framework/Versions/A/Frameworks/vecLib.framework/Versions/A/libBLAS.dylib
0x0000000001621000 	/System/Library/Frameworks/Accelerate.framework/Versions/A/Frameworks/vecLib.framework/Versions/A/libLinearAlgebra.dylib
0x0000000001621000 	/System/Library/Frameworks/Accelerate.framework/Versions/A/Frameworks/vecLib.framework/Versions/A/libSparseBLAS.dylib
0x0000000001621000 	/System/Library/PrivateFrameworks/GPUCompiler.framework/libmetal_timestamp.dylib
0x0000000001621000 	/System/Library/Frameworks/OpenGL.framework/Versions/A/Libraries/libCoreFSCache.dylib
0x0000000001621000 	/System/Library/PrivateFrameworks/IOAccelerator.framework/Versions/A/IOAccelerator
0x0000000001621000 	/System/Library/Frameworks/ApplicationServices.framework/Versions/A/Frameworks/ATS.framework/Versions/A/Resources/libFontParser.dylib
0x0000000001621000 	/System/Library/Frameworks/ApplicationServices.framework/Versions/A/Frameworks/ATS.framework/Versions/A/Resources/libFontRegistry.dylib
0x0000000001621000 	/System/Library/PrivateFrameworks/AppleVPA.framework/Versions/A/AppleVPA
0x0000000001621000 	/System/Library/PrivateFrameworks/AppleJPEG.framework/Versions/A/AppleJPEG
0x0000000001621000 	/System/Library/Frameworks/ImageIO.framework/Versions/A/Resources/libJPEG.dylib
0x0000000001621000 	/System/Library/Frameworks/ImageIO.framework/Versions/A/Resources/libTIFF.dylib
0x0000000001621000 	/System/Library/Frameworks/ImageIO.framework/Versions/A/Resources/libPng.dylib
0x0000000001621000 	/System/Library/Frameworks/ImageIO.framework/Versions/A/Resources/libGIF.dylib
0x0000000001621000 	/System/Library/Frameworks/ImageIO.framework/Versions/A/Resources/libJP2.dylib
0x0000000001621000 	/System/Library/Frameworks/ImageIO.framework/Versions/A/Resources/libRadiance.dylib
0x0000000001621000 	/System/Library/Frameworks/CoreVideo.framework/Versions/A/CoreVideo
0x0000000001621000 	/System/Library/Frameworks/OpenGL.framework/Versions/A/Libraries/libGLU.dylib
0x0000000001621000 	/System/Library/Frameworks/OpenGL.framework/Versions/A/Libraries/libGFXShared.dylib
0x0000000001621000 	/System/Library/Frameworks/OpenGL.framework/Versions/A/Libraries/libGL.dylib
0x0000000001621000 	/System/Library/Frameworks/OpenGL.framework/Versions/A/Libraries/libGLImage.dylib
0x0000000001621000 	/System/Library/Frameworks/OpenGL.framework/Versions/A/Libraries/libCVMSPluginSupport.dylib
0x0000000001621000 	/System/Library/Frameworks/OpenGL.framework/Versions/A/Libraries/libCoreVMClient.dylib
0x0000000001621000 	/usr/lib/libcompression.dylib
0x0000000001621000 	/usr/lib/libcups.2.dylib
0x0000000001621000 	/System/Library/Frameworks/Kerberos.framework/Versions/A/Kerberos
0x0000000001621000 	/System/Library/Frameworks/GSS.framework/Versions/A/GSS
0x0000000001621000 	/usr/lib/libresolv.9.dylib
0x0000000001621000 	/usr/lib/libiconv.2.dylib
0x0000000001621000 	/System/Library/PrivateFrameworks/Heimdal.framework/Versions/A/Heimdal
0x0000000001621000 	/usr/lib/libheimdal-asn1.dylib
0x0000000001621000 	/System/Library/Frameworks/OpenDirectory.framework/Versions/A/OpenDirectory
0x0000000001621000 	/System/Library/PrivateFrameworks/CommonAuth.framework/Versions/A/CommonAuth
0x0000000001621000 	/System/Library/Frameworks/OpenDirectory.framework/Versions/A/Frameworks/CFOpenDirectory.framework/Versions/A/CFOpenDirectory
0x0000000001621000 	/System/Library/Frameworks/SecurityFoundation.framework/Versions/A/SecurityFoundation
0x0000000001621000 	/System/Library/PrivateFrameworks/LanguageModeling.framework/Versions/A/LanguageModeling
0x0000000001621000 	/usr/lib/libmarisa.dylib
0x0000000001621000 	/usr/lib/libChineseTokenizer.dylib
0x0000000001621000 	/usr/lib/libcmph.dylib
0x0000000001621000 	/System/Library/Frameworks/ServiceManagement.framework/Versions/A/ServiceManagement
0x0000000001621000 	/usr/lib/libxslt.1.dylib
0x0000000001621000 	/System/Library/Frameworks/Carbon.framework/Versions/A/Frameworks/Ink.framework/Versions/A/Ink
0x0000000001621000 	/usr/lib/libFosl_dynamic.dylib
0x0000000001621000 	/System/Library/PrivateFrameworks/FaceCore.framework/Versions/A/FaceCore
0x0000000001621000 	/System/Library/Frameworks/OpenCL.framework/Versions/A/OpenCL
0x0000000001621000 	/System/Library/PrivateFrameworks/CrashReporterSupport.framework/Versions/A/CrashReporterSupport
0x0000000001621000 	/System/Library/PrivateFrameworks/IconServices.framework/Versions/A/IconServices
0x0000000001621000 	/System/Library/PrivateFrameworks/Apple80211.framework/Versions/A/Apple80211
0x0000000001621000 	/System/Library/Frameworks/CoreWLAN.framework/Versions/A/CoreWLAN
0x0000000001621000 	/System/Library/Frameworks/IOBluetooth.framework/Versions/A/IOBluetooth
0x0000000001621000 	/System/Library/PrivateFrameworks/CoreWiFi.framework/Versions/A/CoreWiFi
0x0000000001621000 	/System/Library/Frameworks/CoreBluetooth.framework/Versions/A/CoreBluetooth
0x0000000001621000 	/System/Library/PrivateFrameworks/ChunkingLibrary.framework/Versions/A/ChunkingLibrary
0x0000000001621000 	/System/Library/PrivateFrameworks/DebugSymbols.framework/Versions/A/DebugSymbols
0x0000000001621000 	/System/Library/PrivateFrameworks/CoreSymbolication.framework/Versions/A/CoreSymbolication
0x0000000001621000 	/System/Library/PrivateFrameworks/Symbolication.framework/Versions/A/Symbolication
0x0000000001621000 	/System/Library/PrivateFrameworks/SpeechRecognitionCore.framework/Versions/A/SpeechRecognitionCore
0x0000000103200000 	/Library/Java/JavaVirtualMachines/jdk1.8.0_101.jdk/Contents/Home/jre/lib/server/libjvm.dylib
0x0000000001621000 	/usr/lib/libstdc++.6.dylib
0x0000000102018000 	/Library/Java/JavaVirtualMachines/jdk1.8.0_101.jdk/Contents/Home/jre/lib/libverify.dylib
0x0000000102026000 	/Library/Java/JavaVirtualMachines/jdk1.8.0_101.jdk/Contents/Home/jre/lib/libjava.dylib
0x0000000102065000 	/Library/Java/JavaVirtualMachines/jdk1.8.0_101.jdk/Contents/Home/jre/lib/libzip.dylib
0x000000011f0ca000 	/System/Library/Frameworks/JavaVM.framework/Frameworks/JavaRuntimeSupport.framework/JavaRuntimeSupport
0x000000011f0e5000 	/System/Library/Frameworks/JavaVM.framework/Versions/A/Frameworks/JavaNativeFoundation.framework/Versions/A/JavaNativeFoundation
0x000000011f0fa000 	/System/Library/Frameworks/JavaVM.framework/Versions/A/JavaVM
0x0000000001621000 	/System/Library/Frameworks/Carbon.framework/Versions/A/Carbon
0x000000011f107000 	/System/Library/PrivateFrameworks/JavaLaunching.framework/Versions/A/JavaLaunching
0x0000000001621000 	/System/Library/Frameworks/Carbon.framework/Versions/A/Frameworks/CommonPanels.framework/Versions/A/CommonPanels
0x0000000001621000 	/System/Library/Frameworks/Carbon.framework/Versions/A/Frameworks/Help.framework/Versions/A/Help
0x0000000001621000 	/System/Library/Frameworks/Carbon.framework/Versions/A/Frameworks/ImageCapture.framework/Versions/A/ImageCapture
0x0000000001621000 	/System/Library/Frameworks/Carbon.framework/Versions/A/Frameworks/OpenScripting.framework/Versions/A/OpenScripting
0x0000000001621000 	/System/Library/Frameworks/Carbon.framework/Versions/A/Frameworks/Print.framework/Versions/A/Print
0x0000000001621000 	/System/Library/Frameworks/Carbon.framework/Versions/A/Frameworks/SecurityHI.framework/Versions/A/SecurityHI
0x0000000120a26000 	/Users/sheny/git/cse132-fl16-sheny/jars/jars/jars/librxtxSerial.jnilib
0x0000000120a34000 	/Library/Java/JavaVirtualMachines/jdk1.8.0_101.jdk/Contents/Home/jre/lib/libawt.dylib
0x0000000120adc000 	/Library/Java/JavaVirtualMachines/jdk1.8.0_101.jdk/Contents/Home/jre/lib/./libmlib_image.dylib
0x0000000120ba8000 	/Library/Java/JavaVirtualMachines/jdk1.8.0_101.jdk/Contents/Home/jre/lib/libawt_lwawt.dylib
0x0000000120c5d000 	/Library/Java/JavaVirtualMachines/jdk1.8.0_101.jdk/Contents/Home/jre/lib/./libosxapp.dylib
0x0000000001621000 	/System/Library/Frameworks/ExceptionHandling.framework/Versions/A/ExceptionHandling
0x0000000001621000 	/System/Library/PrivateFrameworks/CoreServicesInternal.framework/Versions/A/CoreServicesInternal
0x0000000001621000 	/System/Library/Frameworks/CoreGraphics.framework/Versions/A/Resources/libRIP.A.dylib
0x0000000001621000 	/System/Library/Frameworks/Accelerate.framework/Versions/A/Frameworks/vImage.framework/Versions/A/Libraries/libCGInterfaces.dylib
0x0000000001621000 	/System/Library/Frameworks/CoreGraphics.framework/Versions/A/Resources/libCGXType.A.dylib
0x0000000001621000 	/System/Library/Frameworks/OpenCL.framework/Versions/A/Libraries/libcldcpuengine.dylib
0x0000000001621000 	/System/Library/PrivateFrameworks/DiskImages.framework/Versions/A/DiskImages
0x0000000001621000 	/System/Library/Frameworks/DiscRecording.framework/Versions/A/DiscRecording
0x0000000001621000 	/usr/lib/libcsfde.dylib
0x0000000001621000 	/usr/lib/libcurl.4.dylib
0x0000000001621000 	/System/Library/PrivateFrameworks/MediaKit.framework/Versions/A/MediaKit
0x0000000001621000 	/System/Library/PrivateFrameworks/ProtectedCloudStorage.framework/Versions/A/ProtectedCloudStorage
0x0000000001621000 	/usr/lib/libCoreStorage.dylib
0x0000000001621000 	/System/Library/PrivateFrameworks/EFILogin.framework/Versions/A/EFILogin
0x0000000001621000 	/usr/lib/libutil.dylib
0x0000000001621000 	/System/Library/PrivateFrameworks/FindMyDevice.framework/Versions/A/FindMyDevice
0x0000000001621000 	/System/Library/Frameworks/LDAP.framework/Versions/A/LDAP
0x0000000001621000 	/usr/lib/libsasl2.2.dylib
0x0000000001621000 	/System/Library/PrivateFrameworks/CoreDaemon.framework/Versions/B/CoreDaemon
0x0000000001621000 	/usr/lib/libcrypto.0.9.8.dylib
0x0000000001621000 	/System/Library/PrivateFrameworks/AppleSRP.framework/Versions/A/AppleSRP
0x0000000001621000 	/System/Library/PrivateFrameworks/TrustEvaluationAgent.framework/Versions/A/TrustEvaluationAgent
0x0000000122844000 	cl_kernels
0x0000000001621000 	/System/Library/Frameworks/OpenCL.framework/Versions/A/Libraries/ImageFormats/unorm8_bgra.dylib
0x0000000001621000 	/System/Library/Frameworks/OpenCL.framework/Versions/A/Libraries/ImageFormats/unorm8_rgba.dylib
0x0000000001621000 	/System/Library/PrivateFrameworks/FamilyControls.framework/Versions/A/FamilyControls
0x0000000001621000 	/System/Library/PrivateFrameworks/CommerceKit.framework/Versions/A/Frameworks/CommerceCore.framework/Versions/A/CommerceCore
0x0000000001621000 	/System/Library/PrivateFrameworks/SystemAdministration.framework/Versions/A/SystemAdministration
0x0000000001621000 	/System/Library/PrivateFrameworks/AppContainer.framework/Versions/A/AppContainer
0x0000000001621000 	/System/Library/PrivateFrameworks/SecCodeWrapper.framework/Versions/A/SecCodeWrapper
0x0000000001621000 	/System/Library/Frameworks/DirectoryService.framework/Versions/A/DirectoryService
0x0000000001621000 	/System/Library/PrivateFrameworks/LoginUIKit.framework/Versions/A/Frameworks/LoginUICore.framework/Versions/A/LoginUICore
0x0000000001621000 	/usr/lib/libodfde.dylib
0x0000000001621000 	/System/Library/Frameworks/OpenGL.framework/Versions/A/Resources/GLEngine.bundle/GLEngine
0x0000000001621000 	/System/Library/Frameworks/OpenGL.framework/Versions/A/Libraries/libGLProgrammability.dylib
0x000000012393a000 	/System/Library/Extensions/AppleIntelHD5000GraphicsGLDriver.bundle/Contents/MacOS/AppleIntelHD5000GraphicsGLDriver
0x0000000001621000 	/System/Library/PrivateFrameworks/GPUSupport.framework/Versions/A/Libraries/libGPUSupportMercury.dylib
0x0000000124089000 	/System/Library/Extensions/AMDRadeonX4000GLDriver.bundle/Contents/MacOS/AMDRadeonX4000GLDriver
0x0000000124155000 	/System/Library/Extensions/AMDRadeonX4000GLDriver.bundle/Contents/MacOS/ATIRadeonX4000SCLib.dylib
0x0000000001621000 	/System/Library/Frameworks/OpenGL.framework/Versions/A/Resources/GLRendererFloat.bundle/GLRendererFloat
0x00000001247c1000 	/Library/Java/JavaVirtualMachines/jdk1.8.0_101.jdk/Contents/Home/jre/lib/libfontmanager.dylib
0x0000000124828000 	/Library/Java/JavaVirtualMachines/jdk1.8.0_101.jdk/Contents/Home/jre/lib/libosxui.dylib
0x00000001270ab000 	/System/Library/Extensions/AMDMTLBronzeDriver.bundle/Contents/MacOS/AMDMTLBronzeDriver
0x0000000001621000 	/System/Library/PrivateFrameworks/IOAccelMemoryInfo.framework/Versions/A/IOAccelMemoryInfo
0x0000000127206000 	/System/Library/Extensions/AppleIntelHD5000GraphicsMTLDriver.bundle/Contents/MacOS/AppleIntelHD5000GraphicsMTLDriver
0x000000012766d000 	/Library/Java/JavaVirtualMachines/jdk1.8.0_101.jdk/Contents/Home/jre/lib/libnet.dylib
0x0000000127684000 	/Library/Java/JavaVirtualMachines/jdk1.8.0_101.jdk/Contents/Home/jre/lib/libnio.dylib
0x0000000001621000 	/System/Library/Frameworks/ApplicationServices.framework/Versions/A/Frameworks/ATS.framework/Versions/A/Resources/libTrueTypeScaler.dylib

VM Arguments:
jvm_args: -Djava.library.path=/Users/sheny/git/cse132-fl16-sheny/jars/jars/jars -Dfile.encoding=UTF-8 
java_command: assign4.MsgReceiver
java_class_path (initial): /Users/sheny/git/cse132-fl16-sheny/bin:/Users/sheny/git/cse132-fl16-sheny/jars/jars/jars/RXTXcomm.jar
Launcher Type: SUN_STANDARD

Environment Variables:
PATH=/usr/bin:/bin:/usr/sbin:/sbin
SHELL=/bin/bash

Signal Handlers:
SIGSEGV: [libjvm.dylib+0x5af145], sa_mask[0]=11111111011111110111111111111111, sa_flags=SA_ONSTACK|SA_RESTART|SA_SIGINFO
SIGBUS: [libjvm.dylib+0x5af145], sa_mask[0]=11111111011111110111111111111111, sa_flags=SA_RESTART|SA_SIGINFO
SIGFPE: [libjvm.dylib+0x48694c], sa_mask[0]=11111111011111110111111111111111, sa_flags=SA_RESTART|SA_SIGINFO
SIGPIPE: [libjvm.dylib+0x48694c], sa_mask[0]=11111111011111110111111111111111, sa_flags=SA_RESTART|SA_SIGINFO
SIGXFSZ: [libjvm.dylib+0x48694c], sa_mask[0]=11111111011111110111111111111111, sa_flags=SA_RESTART|SA_SIGINFO
SIGILL: [libjvm.dylib+0x48694c], sa_mask[0]=11111111011111110111111111111111, sa_flags=SA_RESTART|SA_SIGINFO
SIGUSR1: SIG_DFL, sa_mask[0]=00000000000000000000000000000000, sa_flags=none
SIGUSR2: [libjvm.dylib+0x48646a], sa_mask[0]=00100000000000000000000000000000, sa_flags=SA_RESTART|SA_SIGINFO
SIGHUP: [libjvm.dylib+0x484a41], sa_mask[0]=11111111011111110111111111111111, sa_flags=SA_RESTART|SA_SIGINFO
SIGINT: [libjvm.dylib+0x484a41], sa_mask[0]=11111111011111110111111111111111, sa_flags=SA_RESTART|SA_SIGINFO
SIGTERM: [libjvm.dylib+0x484a41], sa_mask[0]=11111111011111110111111111111111, sa_flags=SA_RESTART|SA_SIGINFO
SIGQUIT: [libjvm.dylib+0x484a41], sa_mask[0]=11111111011111110111111111111111, sa_flags=SA_RESTART|SA_SIGINFO


---------------  S Y S T E M  ---------------

OS:Bsduname:Darwin 15.6.0 Darwin Kernel Version 15.6.0: Mon Aug 29 20:21:34 PDT 2016; root:xnu-3248.60.11~1/RELEASE_X86_64 x86_64
rlimit: STACK 8192k, CORE 0k, NPROC 709, NOFILE 10240, AS infinity
load average:1.89 1.83 1.78

CPU:total 8 (4 cores per cpu, 2 threads per core) family 6 model 70 stepping 1, cmov, cx8, fxsr, mmx, sse, sse2, sse3, ssse3, sse4.1, sse4.2, popcnt, avx, avx2, aes, clmul, erms, lzcnt, ht, tsc, tscinvbit, bmi1, bmi2

Memory: 4k page, physical 16777216k(1746328k free)

/proc/meminfo:


vm_info: Java HotSpot(TM) 64-Bit Server VM (25.101-b13) for bsd-amd64 JRE (1.8.0_101-b13), built on Jun 22 2016 02:42:15 by "java_re" with gcc 4.2.1 (Based on Apple Inc. build 5658) (LLVM build 2336.11.00)

time: Fri Oct  7 10:17:49 2016
elapsed time: 7 seconds (0d 0h 0m 7s)

